<?xml version="1.0" encoding="UTF-8"?>
<!-- Generated by org.testng.reporters.JUnitXMLReporter -->
<testsuite ignored="0" hostname="SocioSquares" failures="0" tests="5" name="Default test" time="83.157" errors="0" timestamp="2025-01-10T14:20:17 IST">
  <testcase classname="niuHealth.NiuLoginTestTestCases" name="testBlankLogin" time="0.933"/>
  <testcase classname="niuHealth.NiuLoginTestTestCases" name="testEmailRequiredLogin" time="1.45"/>
  <testcase classname="niuHealth.NiuLoginTestTestCases" name="testInvalidEmailLogin" time="10.388"/>
  <testcase classname="niuHealth.NiuLoginTestTestCases" name="testLogin" time="0.389"/>
  <testcase classname="niuHealth.NiuLoginTestTestCases" name="testPasswordRequiredLogin" time="1.101"/>
</testsuite> <!-- Default test -->
