<?xml version="1.0" encoding="UTF-8"?>
<!-- Generated by org.testng.reporters.JUnitXMLReporter -->
<testsuite ignored="0" hostname="SocioSquares" failures="0" tests="11" name="Test" time="193.194" errors="0" timestamp="2024-09-24T20:08:33 IST">
  <testcase classname="appbMySpotsaver.CreateAccountTestCases" name="TC_001" time="8.329"/>
  <testcase classname="appbMySpotsaver.CreateAccountTestCases" name="TC_002_1" time="0.769"/>
  <testcase classname="appbMySpotsaver.CreateAccountTestCases" name="TC_002_2" time="0.758"/>
  <testcase classname="appbMySpotsaver.CreateAccountTestCases" name="TC_002_3" time="0.809"/>
  <testcase classname="appbMySpotsaver.CreateAccountTestCases" name="TC_003" time="0.891"/>
  <testcase classname="appbMySpotsaver.CreateAccountTestCases" name="TC_004" time="1.307"/>
  <testcase classname="appbMySpotsaver.CreateAccountTestCases" name="TC_005" time="3.175"/>
  <testcase classname="appbMySpotsaver.LoginTestCases" name="TC_009" time="7.103"/>
  <testcase classname="appbMySpotsaver.LoginTestCases" name="TC_010" time="2.648"/>
  <testcase classname="appbMySpotsaver.LoginTestCases" name="TC_011" time="2.813"/>
  <testcase classname="appbMySpotsaver.LoginTestCases" name="TC_012" time="0.069"/>
</testsuite> <!-- Test -->
