<?xml version="1.0" encoding="UTF-8"?>
<testng-results ignored="0" total="5" passed="5" failed="0" skipped="0">
  <reporter-output>
  </reporter-output>
  <suite started-at="2025-01-10T14:18:54 IST" name="Default suite" finished-at="2025-01-10T14:20:17 IST" duration-ms="83157">
    <groups>
    </groups>
    <test started-at="2025-01-10T14:18:54 IST" name="Default test" finished-at="2025-01-10T14:20:17 IST" duration-ms="83157">
      <class name="niuHealth.NiuLoginTestTestCases">
        <test-method is-config="true" signature="configureReports()[pri:0, instance:niuHealth.NiuLoginTestTestCases@43dac38f]" started-at="2025-01-10T14:18:54 IST" name="configureReports" finished-at="2025-01-10T14:18:54 IST" duration-ms="359" status="PASS">
          <reporter-output>
          </reporter-output>
        </test-method> <!-- configureReports -->
        <test-method is-config="true" signature="launchChrome()[pri:0, instance:niuHealth.NiuLoginTestTestCases@43dac38f]" started-at="2025-01-10T14:18:54 IST" name="launchChrome" finished-at="2025-01-10T14:19:07 IST" duration-ms="12418" status="PASS">
          <reporter-output>
          </reporter-output>
        </test-method> <!-- launchChrome -->
        <test-method signature="testBlankLogin()[pri:0, instance:niuHealth.NiuLoginTestTestCases@43dac38f]" started-at="2025-01-10T14:19:07 IST" name="testBlankLogin" finished-at="2025-01-10T14:19:07 IST" duration-ms="933" status="PASS">
          <reporter-output>
          </reporter-output>
        </test-method> <!-- testBlankLogin -->
        <test-method is-config="true" signature="publishReports(org.testng.ITestResult)[pri:0, instance:niuHealth.NiuLoginTestTestCases@43dac38f]" started-at="2025-01-10T14:19:07 IST" name="publishReports" finished-at="2025-01-10T14:19:08 IST" duration-ms="379" status="PASS">
          <params>
            <param index="0">
              <value>
                <![CDATA[[TestResult name=testBlankLogin status=SUCCESS method=NiuLoginTestTestCases.testBlankLogin()[pri:0, instance:niuHealth.NiuLoginTestTestCases@43dac38f] output={null}]]]>
              </value>
            </param>
          </params>
          <reporter-output>
          </reporter-output>
        </test-method> <!-- publishReports -->
        <test-method is-config="true" signature="launchChrome()[pri:0, instance:niuHealth.NiuLoginTestTestCases@43dac38f]" started-at="2025-01-10T14:19:08 IST" name="launchChrome" finished-at="2025-01-10T14:19:18 IST" duration-ms="10543" status="PASS">
          <reporter-output>
          </reporter-output>
        </test-method> <!-- launchChrome -->
        <test-method signature="testEmailRequiredLogin()[pri:0, instance:niuHealth.NiuLoginTestTestCases@43dac38f]" started-at="2025-01-10T14:19:18 IST" name="testEmailRequiredLogin" finished-at="2025-01-10T14:19:20 IST" duration-ms="1450" status="PASS">
          <reporter-output>
          </reporter-output>
        </test-method> <!-- testEmailRequiredLogin -->
        <test-method is-config="true" signature="publishReports(org.testng.ITestResult)[pri:0, instance:niuHealth.NiuLoginTestTestCases@43dac38f]" started-at="2025-01-10T14:19:20 IST" name="publishReports" finished-at="2025-01-10T14:19:20 IST" duration-ms="238" status="PASS">
          <params>
            <param index="0">
              <value>
                <![CDATA[[TestResult name=testEmailRequiredLogin status=SUCCESS method=NiuLoginTestTestCases.testEmailRequiredLogin()[pri:0, instance:niuHealth.NiuLoginTestTestCases@43dac38f] output={null}]]]>
              </value>
            </param>
          </params>
          <reporter-output>
          </reporter-output>
        </test-method> <!-- publishReports -->
        <test-method is-config="true" signature="launchChrome()[pri:0, instance:niuHealth.NiuLoginTestTestCases@43dac38f]" started-at="2025-01-10T14:19:20 IST" name="launchChrome" finished-at="2025-01-10T14:19:47 IST" duration-ms="26630" status="PASS">
          <reporter-output>
          </reporter-output>
        </test-method> <!-- launchChrome -->
        <test-method signature="testInvalidEmailLogin()[pri:0, instance:niuHealth.NiuLoginTestTestCases@43dac38f]" started-at="2025-01-10T14:19:47 IST" name="testInvalidEmailLogin" finished-at="2025-01-10T14:19:57 IST" duration-ms="10388" status="PASS">
          <reporter-output>
          </reporter-output>
        </test-method> <!-- testInvalidEmailLogin -->
        <test-method is-config="true" signature="publishReports(org.testng.ITestResult)[pri:0, instance:niuHealth.NiuLoginTestTestCases@43dac38f]" started-at="2025-01-10T14:19:57 IST" name="publishReports" finished-at="2025-01-10T14:19:57 IST" duration-ms="105" status="PASS">
          <params>
            <param index="0">
              <value>
                <![CDATA[[TestResult name=testInvalidEmailLogin status=SUCCESS method=NiuLoginTestTestCases.testInvalidEmailLogin()[pri:0, instance:niuHealth.NiuLoginTestTestCases@43dac38f] output={null}]]]>
              </value>
            </param>
          </params>
          <reporter-output>
          </reporter-output>
        </test-method> <!-- publishReports -->
        <test-method is-config="true" signature="launchChrome()[pri:0, instance:niuHealth.NiuLoginTestTestCases@43dac38f]" started-at="2025-01-10T14:19:57 IST" name="launchChrome" finished-at="2025-01-10T14:20:06 IST" duration-ms="8919" status="PASS">
          <reporter-output>
          </reporter-output>
        </test-method> <!-- launchChrome -->
        <test-method signature="testLogin()[pri:0, instance:niuHealth.NiuLoginTestTestCases@43dac38f]" started-at="2025-01-10T14:20:06 IST" name="testLogin" finished-at="2025-01-10T14:20:07 IST" duration-ms="389" status="PASS">
          <reporter-output>
          </reporter-output>
        </test-method> <!-- testLogin -->
        <test-method is-config="true" signature="publishReports(org.testng.ITestResult)[pri:0, instance:niuHealth.NiuLoginTestTestCases@43dac38f]" started-at="2025-01-10T14:20:07 IST" name="publishReports" finished-at="2025-01-10T14:20:07 IST" duration-ms="220" status="PASS">
          <params>
            <param index="0">
              <value>
                <![CDATA[[TestResult name=testLogin status=SUCCESS method=NiuLoginTestTestCases.testLogin()[pri:0, instance:niuHealth.NiuLoginTestTestCases@43dac38f] output={null}]]]>
              </value>
            </param>
          </params>
          <reporter-output>
          </reporter-output>
        </test-method> <!-- publishReports -->
        <test-method is-config="true" signature="launchChrome()[pri:0, instance:niuHealth.NiuLoginTestTestCases@43dac38f]" started-at="2025-01-10T14:20:07 IST" name="launchChrome" finished-at="2025-01-10T14:20:15 IST" duration-ms="8412" status="PASS">
          <reporter-output>
          </reporter-output>
        </test-method> <!-- launchChrome -->
        <test-method signature="testPasswordRequiredLogin()[pri:0, instance:niuHealth.NiuLoginTestTestCases@43dac38f]" started-at="2025-01-10T14:20:15 IST" name="testPasswordRequiredLogin" finished-at="2025-01-10T14:20:16 IST" duration-ms="1101" status="PASS">
          <reporter-output>
          </reporter-output>
        </test-method> <!-- testPasswordRequiredLogin -->
        <test-method is-config="true" signature="publishReports(org.testng.ITestResult)[pri:0, instance:niuHealth.NiuLoginTestTestCases@43dac38f]" started-at="2025-01-10T14:20:16 IST" name="publishReports" finished-at="2025-01-10T14:20:17 IST" duration-ms="235" status="PASS">
          <params>
            <param index="0">
              <value>
                <![CDATA[[TestResult name=testPasswordRequiredLogin status=SUCCESS method=NiuLoginTestTestCases.testPasswordRequiredLogin()[pri:0, instance:niuHealth.NiuLoginTestTestCases@43dac38f] output={null}]]]>
              </value>
            </param>
          </params>
          <reporter-output>
          </reporter-output>
        </test-method> <!-- publishReports -->
        <test-method is-config="true" signature="createReportAfterTest()[pri:0, instance:niuHealth.NiuLoginTestTestCases@43dac38f]" started-at="2025-01-10T14:20:17 IST" name="createReportAfterTest" finished-at="2025-01-10T14:20:17 IST" duration-ms="339" status="PASS">
          <reporter-output>
          </reporter-output>
        </test-method> <!-- createReportAfterTest -->
      </class> <!-- niuHealth.NiuLoginTestTestCases -->
    </test> <!-- Default test -->
  </suite> <!-- Default suite -->
</testng-results>
