<?xml version="1.0" encoding="UTF-8"?>
<testng-results ignored="0" total="1" passed="1" failed="0" skipped="0">
  <reporter-output>
  </reporter-output>
  <suite started-at="2025-01-13T15:43:08 IST" name="Default suite" finished-at="2025-01-13T15:43:24 IST" duration-ms="16406">
    <groups>
    </groups>
    <test started-at="2025-01-13T15:43:08 IST" name="Default test" finished-at="2025-01-13T15:43:24 IST" duration-ms="16406">
      <class name="niuHealth.NiuInsuranceTest">
        <test-method is-config="true" signature="configureReports()[pri:0, instance:niuHealth.NiuInsuranceTest@52af26ee]" started-at="2025-01-13T15:43:08 IST" name="configureReports" finished-at="2025-01-13T15:43:08 IST" duration-ms="226" status="PASS">
          <reporter-output>
          </reporter-output>
        </test-method> <!-- configureReports -->
        <test-method is-config="true" signature="launchChrome()[pri:0, instance:niuHealth.NiuInsuranceTest@52af26ee]" started-at="2025-01-13T15:43:08 IST" name="launchChrome" finished-at="2025-01-13T15:43:18 IST" duration-ms="10508" status="PASS">
          <reporter-output>
          </reporter-output>
        </test-method> <!-- launchChrome -->
        <test-method signature="testProfile()[pri:0, instance:niuHealth.NiuInsuranceTest@52af26ee]" started-at="2025-01-13T15:43:18 IST" name="testProfile" finished-at="2025-01-13T15:43:24 IST" duration-ms="5642" status="PASS">
          <reporter-output>
          </reporter-output>
        </test-method> <!-- testProfile -->
      </class> <!-- niuHealth.NiuInsuranceTest -->
    </test> <!-- Default test -->
  </suite> <!-- Default suite -->
</testng-results>
